0 info it worked if it ends with ok
1 verbose cli [ '/usr/bin/nodejs',
1 verbose cli   '/usr/bin/npm',
1 verbose cli   'run-script',
1 verbose cli   'reset_heroku' ]
2 info using npm@3.5.2
3 info using node@v4.2.6
4 verbose run-script [ 'prereset_heroku', 'reset_heroku', 'postreset_heroku' ]
5 info lifecycle quiz@0.0.0~prereset_heroku: quiz@0.0.0
6 silly lifecycle quiz@0.0.0~prereset_heroku: no script for prereset_heroku, continuing
7 info lifecycle quiz@0.0.0~reset_heroku: quiz@0.0.0
8 verbose lifecycle quiz@0.0.0~reset_heroku: unsafe-perm in lifecycle true
9 verbose lifecycle quiz@0.0.0~reset_heroku: PATH: /usr/share/npm/bin/node-gyp-bin:/home/alba/Escritorio/MisArchivos/ProyectoQuiz/node_modules/.bin:/usr/local/heroku/bin:/usr/local/sbin:/usr/local/bin:/usr/sbin:/usr/bin:/sbin:/bin:/usr/games:/usr/local/games:/snap/bin
10 verbose lifecycle quiz@0.0.0~reset_heroku: CWD: /home/alba/Escritorio/MisArchivos/ProyectoQuiz
11 silly lifecycle quiz@0.0.0~reset_heroku: Args: [ '-c', 'heroku pg:reset DATABASE' ]
12 silly lifecycle quiz@0.0.0~reset_heroku: Returned: code: 1  signal: null
13 info lifecycle quiz@0.0.0~reset_heroku: Failed to exec reset_heroku script
14 verbose stack Error: quiz@0.0.0 reset_heroku: `heroku pg:reset DATABASE`
14 verbose stack Exit status 1
14 verbose stack     at EventEmitter.<anonymous> (/usr/share/npm/lib/utils/lifecycle.js:232:16)
14 verbose stack     at emitTwo (events.js:87:13)
14 verbose stack     at EventEmitter.emit (events.js:172:7)
14 verbose stack     at ChildProcess.<anonymous> (/usr/share/npm/lib/utils/spawn.js:24:14)
14 verbose stack     at emitTwo (events.js:87:13)
14 verbose stack     at ChildProcess.emit (events.js:172:7)
14 verbose stack     at maybeClose (internal/child_process.js:821:16)
14 verbose stack     at Process.ChildProcess._handle.onexit (internal/child_process.js:211:5)
15 verbose pkgid quiz@0.0.0
16 verbose cwd /home/alba/Escritorio/MisArchivos/ProyectoQuiz
17 error Linux 4.4.0-21-generic
18 error argv "/usr/bin/nodejs" "/usr/bin/npm" "run-script" "reset_heroku"
19 error node v4.2.6
20 error npm  v3.5.2
21 error code ELIFECYCLE
22 error quiz@0.0.0 reset_heroku: `heroku pg:reset DATABASE`
22 error Exit status 1
23 error Failed at the quiz@0.0.0 reset_heroku script 'heroku pg:reset DATABASE'.
23 error Make sure you have the latest version of node.js and npm installed.
23 error If you do, this is most likely a problem with the quiz package,
23 error not with npm itself.
23 error Tell the author that this fails on your system:
23 error     heroku pg:reset DATABASE
23 error You can get information on how to open an issue for this project with:
23 error     npm bugs quiz
23 error Or if that isn't available, you can get their info via:
23 error     npm owner ls quiz
23 error There is likely additional logging output above.
24 verbose exit [ 1, true ]
